<?xml version="1.0" encoding="UTF-8"?>
<!-- Generated by org.testng.reporters.JUnitReportReporter -->
<testsuite hostname="DESKTOP-HN0JOUI" failures="0" tests="3" name="com.testng.priority.TestngPriority" time="0.039" errors="0" timestamp="2022-08-24T22:58:21 IST" skipped="0">
  <testcase classname="com.testng.priority.TestngPriority" name="addTest" time="0.035"/>
  <system-out/>
  <testcase classname="com.testng.priority.TestngPriority" name="subTest" time="0.002"/>
  <system-out/>
  <testcase classname="com.testng.priority.TestngPriority" name="mulTest" time="0.002"/>
  <system-out/>
</testsuite> <!-- com.testng.priority.TestngPriority -->
