<?xml version="1.0" encoding="UTF-8"?>
<!-- Generated by org.testng.reporters.JUnitReportReporter -->
<testsuite hostname="DESKTOP-HN0JOUI" failures="0" tests="2" name="com.testng.Report_Log" time="109.719" errors="0" timestamp="2022-09-01T01:03:23 IST" skipped="0">
  <testcase classname="com.testng.Report_Log" name="OpenBrowser" time="71.074"/>
  <system-out>
    <![CDATA[This test verifies the current selenium compatibility with TestNG by launching the chrome driver
Launching Google Chrome Driver for this test
The website used was DemoQA for this test]]>
  </system-out>
  <testcase classname="com.testng.Report_Log" name="CloseBrowser" time="38.645"/>
  <system-out>
    <![CDATA[Driver Closed After Testing]]>
  </system-out>
</testsuite> <!-- com.testng.Report_Log -->
