<?xml version="1.0" encoding="UTF-8"?>
<!-- Generated by org.testng.reporters.JUnitReportReporter -->
<testsuite hostname="DESKTOP-HN0JOUI" failures="0" tests="3" name="com.testng.group.Car_loan" time="0.034" errors="0" timestamp="2022-08-27T00:05:01 IST" skipped="0">
  <testcase classname="com.testng.group.Car_loan" name="MobileLoginCarLoan" time="0.002"/>
  <system-out/>
  <testcase classname="com.testng.group.Car_loan" name="WebLoginCarLoan" time="0.002"/>
  <system-out/>
  <testcase classname="com.testng.group.Car_loan" name="APILoginCarLoan" time="0.030"/>
  <system-out/>
</testsuite> <!-- com.testng.group.Car_loan -->
