<?xml version="1.0" encoding="UTF-8"?>
<!-- Generated by org.testng.reporters.JUnitReportReporter -->
<testsuite hostname="DESKTOP-HN0JOUI" failures="0" tests="1" name="com.testng.tests.FirstTest" time="162.848" errors="0" timestamp="2022-08-24T19:51:09 IST" skipped="0">
  <testcase classname="com.testng.tests.FirstTest" name="testGoogle" time="162.848"/>
  <system-out/>
</testsuite> <!-- com.testng.tests.FirstTest -->
