<?xml version="1.0" encoding="UTF-8"?>
<!-- Generated by org.testng.reporters.JUnitReportReporter -->
<testsuite hostname="DESKTOP-HN0JOUI" failures="0" tests="3" name="com.testng.group.Home_loan" time="0.019" errors="0" timestamp="2022-08-27T00:05:01 IST" skipped="0">
  <testcase classname="com.testng.group.Home_loan" name="APILoginHomeLoan" time="0.002"/>
  <system-out/>
  <testcase classname="com.testng.group.Home_loan" name="MobileLoginHomeLoan" time="0.003"/>
  <system-out/>
  <testcase classname="com.testng.group.Home_loan" name="WebLoginHomeLoan" time="0.014"/>
  <system-out/>
</testsuite> <!-- com.testng.group.Home_loan -->
