<?xml version="1.0" encoding="UTF-8"?>
<!-- Generated by org.testng.reporters.JUnitReportReporter -->
<testsuite hostname="DESKTOP-HN0JOUI" failures="0" tests="10" name="com.testng.priority.TestngInvocationCount" time="0.033" errors="0" timestamp="2022-08-24T01:53:11 IST" skipped="0">
  <testcase classname="com.testng.priority.TestngInvocationCount" name="testcase1" time="0.003"/>
  <system-out/>
  <testcase classname="com.testng.priority.TestngInvocationCount" name="testcase1" time="0.004"/>
  <system-out/>
  <testcase classname="com.testng.priority.TestngInvocationCount" name="testcase1" time="0.002"/>
  <system-out/>
  <testcase classname="com.testng.priority.TestngInvocationCount" name="testcase1" time="0.004"/>
  <system-out/>
  <testcase classname="com.testng.priority.TestngInvocationCount" name="testcase1" time="0.001"/>
  <system-out/>
  <testcase classname="com.testng.priority.TestngInvocationCount" name="testcase1" time="0.001"/>
  <system-out/>
  <testcase classname="com.testng.priority.TestngInvocationCount" name="testcase1" time="0.014"/>
  <system-out/>
  <testcase classname="com.testng.priority.TestngInvocationCount" name="testcase1" time="0.001"/>
  <system-out/>
  <testcase classname="com.testng.priority.TestngInvocationCount" name="testcase1" time="0.001"/>
  <system-out/>
  <testcase classname="com.testng.priority.TestngInvocationCount" name="testcase1" time="0.002"/>
  <system-out/>
</testsuite> <!-- com.testng.priority.TestngInvocationCount -->
